<?xml version="1.0" encoding="UTF-8"?>
<testng-results skipped="0" failed="0" ignored="0" total="1" passed="1">
  <reporter-output>
  </reporter-output>
  <suite name="Default suite" duration-ms="17960" started-at="2021-07-07T20:35:28 CDT" finished-at="2021-07-07T20:35:46 CDT">
    <groups>
    </groups>
    <test name="Default test" duration-ms="17960" started-at="2021-07-07T20:35:28 CDT" finished-at="2021-07-07T20:35:46 CDT">
      <class name="toggle_all_check_box_testing.All_box_testing">
        <test-method status="PASS" signature="all_box_tester()[pri:0, instance:toggle_all_check_box_testing.All_box_testing@74294adb]" name="all_box_tester" duration-ms="17902" started-at="2021-07-07T20:35:28 CDT" finished-at="2021-07-07T20:35:46 CDT">
          <reporter-output>
          </reporter-output>
        </test-method> <!-- all_box_tester -->
      </class> <!-- toggle_all_check_box_testing.All_box_testing -->
    </test> <!-- Default test -->
  </suite> <!-- Default suite -->
</testng-results>
